<?xml version="1.0" encoding="UTF-8"?>
<testsuite xmlns:xsi="http://www.w3.org/2001/XMLSchema-instance" xsi:noNamespaceSchemaLocation="https://maven.apache.org/surefire/maven-surefire-plugin/xsd/surefire-test-report-3.0.xsd" version="3.0" name="edu.dosw.lab.bankify.AccountServiceTest" time="0.152" tests="4" errors="0" skipped="0" failures="0">
  <properties>
[...]
</properties>
  <testcase name="depositMustBePositive" classname="edu.dosw.lab.bankify.AccountServiceTest" time="0.056"/>
  <testcase name="createAccountAndDepositAndBalance" classname="edu.dosw.lab.bankify.AccountServiceTest" time="0.032"/>
  <testcase name="accountMustExist" classname="edu.dosw.lab.bankify.AccountServiceTest" time="0.016"/>
  <testcase name="cannotCreateInvalidAccount" classname="edu.dosw.lab.bankify.AccountServiceTest" time="0.01"/>
</testsuite>